<?xml version="1.0" encoding="UTF-8"?>
<!-- Generated by org.testng.reporters.JUnitReportReporter -->
<testsuite hostname="DESKTOP-0MF6DQA" name="com.training.sanity.tests.RegisterTests" tests="1" failures="0" timestamp="27 Sep 2019 02:57:19 GMT" time="21.886" errors="0">
  <testcase name="validRegisterTest" time="21.886" classname="com.training.sanity.tests.RegisterTests"/>
</testsuite> <!-- com.training.sanity.tests.RegisterTests -->
