<?xml version="1.0" encoding="UTF-8"?>
<!-- Generated by org.testng.reporters.JUnitReportReporter -->
<testsuite hostname="DESKTOP-0MF6DQA" name="com.training.sanity.tests.RecoverpassTests" tests="1" failures="0" timestamp="26 Sep 2019 09:02:45 GMT" time="67.427" errors="0">
  <testcase name="validRecoverpassTests" time="67.427" classname="com.training.sanity.tests.RecoverpassTests"/>
</testsuite> <!-- com.training.sanity.tests.RecoverpassTests -->
