<?xml version="1.0" encoding="UTF-8"?>
<!-- Generated by org.testng.reporters.JUnitReportReporter -->
<testsuite hostname="DESKTOP-0MF6DQA" name="com.training.sanity.tests.DenyOnInvalidCreTests" tests="1" failures="0" timestamp="26 Sep 2019 09:06:46 GMT" time="12.833" errors="0">
  <testcase name="validLoginFunTest" time="12.833" classname="com.training.sanity.tests.DenyOnInvalidCreTests"/>
</testsuite> <!-- com.training.sanity.tests.DenyOnInvalidCreTests -->
