<?xml version="1.0" encoding="UTF-8"?>
<!-- Generated by org.testng.reporters.JUnitReportReporter -->
<testsuite hostname="DESKTOP-0MF6DQA" name="com.training.sanity.tests.LoginFunTests" tests="1" failures="0" timestamp="27 Sep 2019 02:52:11 GMT" time="16.548" errors="0">
  <testcase name="validLoginFunTest" time="16.548" classname="com.training.sanity.tests.LoginFunTests"/>
</testsuite> <!-- com.training.sanity.tests.LoginFunTests -->
