<?xml version="1.0" encoding="UTF-8"?>
<!-- Generated by org.testng.reporters.JUnitReportReporter -->
<testsuite hostname="DESKTOP-0MF6DQA" name="com.training.sanity.tests.CheckwithLoginTests" tests="1" failures="0" timestamp="27 Sep 2019 03:11:18 GMT" time="34.582" errors="0">
  <testcase name="validLoginFunTest" time="34.582" classname="com.training.sanity.tests.CheckwithLoginTests"/>
</testsuite> <!-- com.training.sanity.tests.CheckwithLoginTests -->
